<?xml version="1.0" encoding="UTF-8"?>
<!-- Generated by org.testng.reporters.JUnitXMLReporter -->
<testsuite ignored="0" hostname="ASISH" failures="0" tests="3" name="TestLoginPage" time="46.679" errors="0" timestamp="2023-12-02T13:47:32 IST">
  <testcase classname="tests.LoginTest" name="test_Login_Page" time="9.203"/>
  <testcase classname="tests.LoginTest" name="test_Login_Page" time="14.403"/>
  <testcase classname="tests.LoginTest" name="test_Login_Page" time="8.918"/>
</testsuite> <!-- TestLoginPage -->
