<?xml version="1.0" encoding="UTF-8"?>
<testng-results ignored="0" total="3" passed="3" failed="0" skipped="0">
  <reporter-output>
  </reporter-output>
  <suite started-at="2023-12-02T13:46:45 IST" name="test001" finished-at="2023-12-02T13:47:32 IST" duration-ms="46679">
    <groups>
    </groups>
    <test started-at="2023-12-02T13:46:45 IST" name="TestLoginPage" finished-at="2023-12-02T13:47:32 IST" duration-ms="46679">
      <class name="tests.LoginTest">
        <test-method is-config="true" signature="open_browser()[pri:0, instance:tests.LoginTest@2892d68]" started-at="2023-12-02T13:46:46 IST" name="open_browser" finished-at="2023-12-02T13:46:57 IST" duration-ms="11757" status="PASS">
          <reporter-output>
          </reporter-output>
        </test-method> <!-- open_browser -->
        <test-method signature="test_Login_Page(java.lang.String,java.lang.String,java.lang.String)[pri:0, instance:tests.LoginTest@2892d68]" started-at="2023-12-02T13:46:59 IST" name="test_Login_Page" data-provider="testdata" finished-at="2023-12-02T13:47:08 IST" duration-ms="9203" status="PASS">
          <params>
            <param index="0">
              <value>
                <![CDATA[mercury]]>
              </value>
            </param>
            <param index="1">
              <value>
                <![CDATA[mercury123]]>
              </value>
            </param>
            <param index="2">
              <value>
                <![CDATA[fail]]>
              </value>
            </param>
          </params>
          <reporter-output>
          </reporter-output>
        </test-method> <!-- test_Login_Page -->
        <test-method signature="test_Login_Page(java.lang.String,java.lang.String,java.lang.String)[pri:0, instance:tests.LoginTest@2892d68]" started-at="2023-12-02T13:47:08 IST" name="test_Login_Page" data-provider="testdata" finished-at="2023-12-02T13:47:22 IST" duration-ms="14403" status="PASS">
          <params>
            <param index="0">
              <value>
                <![CDATA[Itest@test.com]]>
              </value>
            </param>
            <param index="1">
              <value>
                <![CDATA[Itest@test]]>
              </value>
            </param>
            <param index="2">
              <value>
                <![CDATA[pass]]>
              </value>
            </param>
          </params>
          <reporter-output>
          </reporter-output>
        </test-method> <!-- test_Login_Page -->
        <test-method signature="test_Login_Page(java.lang.String,java.lang.String,java.lang.String)[pri:0, instance:tests.LoginTest@2892d68]" started-at="2023-12-02T13:47:22 IST" name="test_Login_Page" data-provider="testdata" finished-at="2023-12-02T13:47:31 IST" duration-ms="8918" status="PASS">
          <params>
            <param index="0">
              <value>
                <![CDATA[admin]]>
              </value>
            </param>
            <param index="1">
              <value>
                <![CDATA[admin123]]>
              </value>
            </param>
            <param index="2">
              <value>
                <![CDATA[fail]]>
              </value>
            </param>
          </params>
          <reporter-output>
          </reporter-output>
        </test-method> <!-- test_Login_Page -->
        <test-method is-config="true" signature="close_browser()[pri:0, instance:tests.LoginTest@2892d68]" started-at="2023-12-02T13:47:31 IST" name="close_browser" finished-at="2023-12-02T13:47:32 IST" duration-ms="495" status="PASS">
          <reporter-output>
          </reporter-output>
        </test-method> <!-- close_browser -->
      </class> <!-- tests.LoginTest -->
    </test> <!-- TestLoginPage -->
  </suite> <!-- test001 -->
</testng-results>
