<?xml version="1.0" encoding="UTF-8"?>
<!-- Generated by org.testng.reporters.JUnitXMLReporter -->
<testsuite ignored="0" hostname="ASISH" failures="2" tests="3" name="TestLoginPage" time="40.617" errors="0" timestamp="2023-12-01T16:36:12 IST">
  <testcase classname="tests.LoginTest" name="test_Login_Page" time="9.42">
    <failure type="java.lang.AssertionError" message="fail">
      <![CDATA[java.lang.AssertionError: fail
at tests.LoginTest.test_Login_Page(LoginTest.java:38)
at java.base/java.util.ArrayList.forEach(ArrayList.java:1541)
... Removed 28 stack frames]]>
    </failure>
  </testcase> <!-- test_Login_Page -->
  <testcase classname="tests.LoginTest" name="test_Login_Page" time="12.234"/>
  <testcase classname="tests.LoginTest" name="test_Login_Page" time="9.494">
    <failure type="java.lang.AssertionError" message="fail">
      <![CDATA[java.lang.AssertionError: fail
at tests.LoginTest.test_Login_Page(LoginTest.java:38)
at java.base/java.util.ArrayList.forEach(ArrayList.java:1541)
... Removed 28 stack frames]]>
    </failure>
  </testcase> <!-- test_Login_Page -->
</testsuite> <!-- TestLoginPage -->
